  [1m[35m (166.2ms)[0m  [1m[35mCREATE DATABASE "tweeter_app_api_development" ENCODING = 'unicode'[0m
  [1m[35m (71.4ms)[0m  [1m[35mCREATE DATABASE "tweeter_app_api_test" ENCODING = 'unicode'[0m
  [1m[35m (37.1ms)[0m  [1m[35mCREATE TABLE "schema_migrations" ("version" character varying NOT NULL PRIMARY KEY)[0m
  [1m[35m (4.3ms)[0m  [1m[35mCREATE TABLE "ar_internal_metadata" ("key" character varying NOT NULL PRIMARY KEY, "value" character varying, "created_at" timestamp(6) NOT NULL, "updated_at" timestamp(6) NOT NULL)[0m
  [1m[35m (0.7ms)[0m  [1m[34mSELECT pg_try_advisory_lock(1344325399035759420)[0m
  [1m[35m (0.6ms)[0m  [1m[34mSELECT "schema_migrations"."version" FROM "schema_migrations" ORDER BY "schema_migrations"."version" ASC[0m
Migrating to CreateTweets (20200425184754)
  [1m[35m (0.1ms)[0m  [1m[35mBEGIN[0m
  [1m[35m (9.4ms)[0m  [1m[35mCREATE TABLE "tweets" ("id" bigserial primary key, "title" character varying, "content" text, "author" character varying)[0m
  [1m[36mprimary::SchemaMigration Create (0.4ms)[0m  [1m[32mINSERT INTO "schema_migrations" ("version") VALUES ($1) RETURNING "version"[0m  [["version", "20200425184754"]]
  [1m[35m (0.2ms)[0m  [1m[35mCOMMIT[0m
  [1m[36mActiveRecord::InternalMetadata Load (0.5ms)[0m  [1m[34mSELECT "ar_internal_metadata".* FROM "ar_internal_metadata" WHERE "ar_internal_metadata"."key" = $1 LIMIT $2[0m  [["key", "environment"], ["LIMIT", 1]]
  [1m[35m (0.2ms)[0m  [1m[35mBEGIN[0m
  [1m[36mActiveRecord::InternalMetadata Create (2.5ms)[0m  [1m[32mINSERT INTO "ar_internal_metadata" ("key", "value", "created_at", "updated_at") VALUES ($1, $2, $3, $4) RETURNING "key"[0m  [["key", "environment"], ["value", "development"], ["created_at", "2020-04-25 18:49:24.404154"], ["updated_at", "2020-04-25 18:49:24.404154"]]
  [1m[35m (0.4ms)[0m  [1m[35mCOMMIT[0m
  [1m[35m (0.5ms)[0m  [1m[34mSELECT pg_advisory_unlock(1344325399035759420)[0m
  [1m[35m (0.7ms)[0m  [1m[34mSELECT "schema_migrations"."version" FROM "schema_migrations" ORDER BY "schema_migrations"."version" ASC[0m
  [1m[35m (1.3ms)[0m  [1m[34mSELECT "schema_migrations"."version" FROM "schema_migrations" ORDER BY "schema_migrations"."version" ASC[0m
  [1m[35m (0.1ms)[0m  [1m[35mBEGIN[0m
  [1m[36mTweet Create (1.2ms)[0m  [1m[32mINSERT INTO "tweets" ("title", "content", "author") VALUES ($1, $2, $3) RETURNING "id"[0m  [["title", "Just found this"], ["content", "the square of the hypotenuse is equal to the sum of the squares of the other two sides"], ["author", "Pythagoras570"]]
  [1m[35m (0.3ms)[0m  [1m[35mCOMMIT[0m
  [1m[35m (0.1ms)[0m  [1m[35mBEGIN[0m
  [1m[36mTweet Create (0.2ms)[0m  [1m[32mINSERT INTO "tweets" ("title", "content", "author") VALUES ($1, $2, $3) RETURNING "id"[0m  [["title", "I'm walkin' here"], ["content", "Hey, I'm walkin' here!"], ["author", "Nicky62"]]
  [1m[35m (0.2ms)[0m  [1m[35mCOMMIT[0m
  [1m[36mTweet Load (0.4ms)[0m  [1m[34mSELECT "tweets".* FROM "tweets" LIMIT $1[0m  [["LIMIT", 11]]
Started GET "/tweets" for ::1 at 2020-04-25 11:55:27 -0700
  [1m[35m (0.8ms)[0m  [1m[34mSELECT "schema_migrations"."version" FROM "schema_migrations" ORDER BY "schema_migrations"."version" ASC[0m
Processing by TweetsController#index as HTML
  [1m[36mTweet Load (0.6ms)[0m  [1m[34mSELECT "tweets".* FROM "tweets"[0m
  ↳ app/controllers/tweets_controller.rb:4:in `index'
Completed 200 OK in 14ms (Views: 4.9ms | ActiveRecord: 7.4ms | Allocations: 4133)


Started POST "/tweets" for ::1 at 2020-04-25 11:59:17 -0700
  [1m[35m (0.8ms)[0m  [1m[34mSELECT "schema_migrations"."version" FROM "schema_migrations" ORDER BY "schema_migrations"."version" ASC[0m
Processing by TweetsController#create as */*
  Parameters: {"tweet"=>{"title"=>"How does this work", "content"=>"my first tweet", "author"=>"char"}}
  [1m[35m (0.1ms)[0m  [1m[35mBEGIN[0m
  ↳ app/controllers/tweets_controller.rb:14:in `create'
  [1m[36mTweet Create (0.6ms)[0m  [1m[32mINSERT INTO "tweets" ("title", "content", "author") VALUES ($1, $2, $3) RETURNING "id"[0m  [["title", "How does this work"], ["content", "my first tweet"], ["author", "char"]]
  ↳ app/controllers/tweets_controller.rb:14:in `create'
  [1m[35m (0.4ms)[0m  [1m[35mCOMMIT[0m
  ↳ app/controllers/tweets_controller.rb:14:in `create'
Completed 201 Created in 15ms (Views: 0.3ms | ActiveRecord: 7.2ms | Allocations: 5474)


Started GET "/tweets/3" for ::1 at 2020-04-25 11:59:24 -0700
Processing by TweetsController#show as HTML
  Parameters: {"id"=>"3"}
  [1m[36mTweet Load (0.4ms)[0m  [1m[34mSELECT "tweets".* FROM "tweets" WHERE "tweets"."id" = $1 LIMIT $2[0m  [["id", 3], ["LIMIT", 1]]
  ↳ app/controllers/tweets_controller.rb:8:in `show'
Completed 200 OK in 4ms (Views: 0.2ms | ActiveRecord: 0.6ms | Allocations: 1157)


Started PATCH "/tweets/1" for ::1 at 2020-04-25 12:09:25 -0700
  [1m[35m (0.8ms)[0m  [1m[34mSELECT "schema_migrations"."version" FROM "schema_migrations" ORDER BY "schema_migrations"."version" ASC[0m
Processing by TweetsController#update as */*
  Parameters: {"tweet"=>{"title"=>"How does this work???", "content"=>"my first tweet", "author"=>"char"}, "id"=>"1"}
Completed 500 Internal Server Error in 8ms (ActiveRecord: 0.0ms | Allocations: 3215)


  
NoMethodError (undefined method `fin' for Tweet(id: integer, title: string, content: text, author: string):Class
Did you mean?  find):
  
app/controllers/tweets_controller.rb:22:in `update'
Started PUT "/tweets/1" for ::1 at 2020-04-25 12:10:00 -0700
Processing by TweetsController#update as */*
  Parameters: {"tweet"=>{"title"=>"How does this work???", "content"=>"my first tweet", "author"=>"char"}, "id"=>"1"}
Completed 500 Internal Server Error in 3ms (ActiveRecord: 0.0ms | Allocations: 2482)


  
NoMethodError (undefined method `fin' for Tweet(id: integer, title: string, content: text, author: string):Class
Did you mean?  find):
  
app/controllers/tweets_controller.rb:22:in `update'
Started PUT "/tweets/1" for ::1 at 2020-04-25 12:10:44 -0700
Processing by TweetsController#update as */*
  Parameters: {"tweet"=>{"title"=>"How does this work???", "content"=>"my first tweet", "author"=>"char"}, "id"=>"1"}
  [1m[36mTweet Load (0.4ms)[0m  [1m[34mSELECT "tweets".* FROM "tweets" WHERE "tweets"."id" = $1 LIMIT $2[0m  [["id", 1], ["LIMIT", 1]]
  ↳ app/controllers/tweets_controller.rb:22:in `update'
  [1m[35m (0.2ms)[0m  [1m[35mBEGIN[0m
  ↳ app/controllers/tweets_controller.rb:23:in `update'
  [1m[36mTweet Update (3.7ms)[0m  [1m[33mUPDATE "tweets" SET "title" = $1, "content" = $2, "author" = $3 WHERE "tweets"."id" = $4[0m  [["title", "How does this work???"], ["content", "my first tweet"], ["author", "char"], ["id", 1]]
  ↳ app/controllers/tweets_controller.rb:23:in `update'
  [1m[35m (0.3ms)[0m  [1m[35mCOMMIT[0m
  ↳ app/controllers/tweets_controller.rb:23:in `update'
Completed 200 OK in 24ms (Views: 0.3ms | ActiveRecord: 12.7ms | Allocations: 6399)


Started PUT "/tweets/1" for ::1 at 2020-04-25 12:10:49 -0700
Processing by TweetsController#update as */*
  Parameters: {"tweet"=>{"title"=>"How does this work", "content"=>"my first tweet", "author"=>"char"}, "id"=>"1"}
  [1m[36mTweet Load (0.3ms)[0m  [1m[34mSELECT "tweets".* FROM "tweets" WHERE "tweets"."id" = $1 LIMIT $2[0m  [["id", 1], ["LIMIT", 1]]
  ↳ app/controllers/tweets_controller.rb:22:in `update'
  [1m[35m (0.1ms)[0m  [1m[35mBEGIN[0m
  ↳ app/controllers/tweets_controller.rb:23:in `update'
  [1m[36mTweet Update (0.4ms)[0m  [1m[33mUPDATE "tweets" SET "title" = $1 WHERE "tweets"."id" = $2[0m  [["title", "How does this work"], ["id", 1]]
  ↳ app/controllers/tweets_controller.rb:23:in `update'
  [1m[35m (0.3ms)[0m  [1m[35mCOMMIT[0m
  ↳ app/controllers/tweets_controller.rb:23:in `update'
Completed 200 OK in 5ms (Views: 0.2ms | ActiveRecord: 1.1ms | Allocations: 2782)


